OpenROAD 8d53e9b018dec98fa63e907ddeb6c5406f035361 
This program is licensed under the BSD-3 license. See the LICENSE file for details.
Components of this program may be licensed under more restrictive licenses which must be honored.
[INFO ODB-0222] Reading LEF file: /home/aanujdu/caravel_tut/caravel_example/openlane/user_project_wrapper/runs/user_project_wrapper/tmp/merged_unpadded.lef
[INFO ODB-0223]     Created 13 technology layers
[INFO ODB-0224]     Created 25 technology vias
[INFO ODB-0225]     Created 442 library cells
[INFO ODB-0226] Finished LEF file:  /home/aanujdu/caravel_tut/caravel_example/openlane/user_project_wrapper/runs/user_project_wrapper/tmp/merged_unpadded.lef
[INFO ODB-0127] Reading DEF file: /home/aanujdu/caravel_tut/caravel_example/openlane/user_project_wrapper/runs/user_project_wrapper/results/placement/user_project_wrapper.def
[INFO ODB-0128] Design: user_project_wrapper
[INFO ODB-0130]     Created 645 pins.
[INFO ODB-0131]     Created 1 components and 123 component-terminals.
[INFO ODB-0132]     Created 8 special nets and 0 connections.
[INFO ODB-0133]     Created 637 nets and 121 connections.
[INFO ODB-0134] Finished DEF file: /home/aanujdu/caravel_tut/caravel_example/openlane/user_project_wrapper/runs/user_project_wrapper/results/placement/user_project_wrapper.def
Placement Analysis
---------------------------------
total displacement          0.0 u
average displacement        0.0 u
max displacement            0.0 u
original HPWL          128781.0 u
legalized HPWL         128781.0 u
delta HPWL                    0 %

