user_project_wrapper
----------------------------------------
Metal3 > 3um spacing to unrelated m3 < 0.4um (met3.3d)
----------------------------------------
 823.470um 557.860um 823.560um 558.260um
 823.470um 556.050um 823.560um 558.260um
 823.470um 556.040um 823.560um 556.050um
 823.470um 555.760um 823.560um 556.040um
 823.470um 555.750um 823.560um 555.760um
 823.470um 549.700um 823.560um 550.100um
 823.470um 547.890um 823.560um 550.100um
 823.470um 547.880um 823.560um 547.890um
 823.470um 547.600um 823.560um 547.880um
 823.470um 547.590um 823.560um 547.600um
 823.470um 542.900um 823.560um 543.300um
 823.470um 541.090um 823.560um 543.300um
 823.470um 541.080um 823.560um 541.090um
 823.470um 540.800um 823.560um 541.080um
 823.470um 540.790um 823.560um 540.800um
 823.470um 857.060um 823.560um 857.460um
 823.470um 856.625um 823.560um 857.460um
 823.465um 856.600um 823.560um 856.625um
 823.465um 856.320um 823.490um 856.600um
 823.490um 856.320um 823.560um 856.600um
 823.465um 856.295um 823.560um 856.320um
----------------------------------------
[INFO]: COUNT: 21
[INFO]: Should be divided by 3 or 4

